16.03.2021  02:02:49 [main] INFO  by.belstu.kryukova.Main  - Starting program________________
16.03.2021  02:02:49 [main] INFO  by.belstu.kryukova.store.Seller_class  - class Seller method addPrintEdition()
16.03.2021  02:02:49 [main] INFO  by.belstu.kryukova.store.Seller_class  - class Seller method addPrintEdition()
16.03.2021  02:02:49 [main] INFO  by.belstu.kryukova.store.Seller_class  - class Seller method addPrintEdition()
16.03.2021  02:02:49 [main] INFO  by.belstu.kryukova.store.Seller_class  - class Seller method addPrintEdition()
16.03.2021  02:02:49 [main] INFO  by.belstu.kryukova.store.Seller_class  - class Seller method addPrintEdition()
16.03.2021  02:02:49 [main] INFO  by.belstu.kryukova.store.Seller_class  - class Seller method sortPrintEditions()
16.03.2021  02:02:49 [main] INFO  by.belstu.kryukova.printEditions.Book  - class Book method info()
16.03.2021  02:02:49 [main] INFO  by.belstu.kryukova.printEditions.Book  - class Book method info()
16.03.2021  02:02:49 [main] INFO  by.belstu.kryukova.store.Seller_class  - class Seller method sellPrintEdition()
16.03.2021  02:02:49 [main] INFO  by.belstu.kryukova.store.Seller_class  - class Seller method sellPrintEdition()
16.03.2021  02:02:49 [main] INFO  by.belstu.kryukova.store.Seller_class  - class Seller method sellPrintEdition()
16.03.2021  02:02:49 [main] INFO  by.belstu.kryukova.store.Seller_class  - class Seller method addPrintEdition()
16.03.2021  02:02:49 [main] INFO  by.belstu.kryukova.store.Seller_class  - class Seller method addPrintEdition()
16.03.2021  02:02:49 [main] INFO  by.belstu.kryukova.store.Seller_class  - class Seller method addPrintEdition()
16.03.2021  02:02:49 [main] INFO  by.belstu.kryukova.store.Seller_class  - class Seller method searchPrintEdition()
16.03.2021  02:06:41 [main] INFO  by.belstu.kryukova.Main  - Starting program________________
16.03.2021  02:06:41 [main] INFO  by.belstu.kryukova.store.Seller_class  - class Seller method addPrintEdition()
16.03.2021  02:06:41 [main] INFO  by.belstu.kryukova.store.Seller_class  - class Seller method addPrintEdition()
16.03.2021  02:06:41 [main] INFO  by.belstu.kryukova.store.Seller_class  - class Seller method addPrintEdition()
16.03.2021  02:06:41 [main] INFO  by.belstu.kryukova.store.Seller_class  - class Seller method addPrintEdition()
16.03.2021  02:06:41 [main] INFO  by.belstu.kryukova.store.Seller_class  - class Seller method addPrintEdition()
16.03.2021  02:06:41 [main] INFO  by.belstu.kryukova.store.Seller_class  - class Seller method sortPrintEditions()
16.03.2021  02:06:41 [main] INFO  by.belstu.kryukova.printEditions.Book  - class Book method info()
16.03.2021  02:06:41 [main] INFO  by.belstu.kryukova.printEditions.Book  - class Book method info()
16.03.2021  02:06:41 [main] INFO  by.belstu.kryukova.store.Seller_class  - class Seller method sellPrintEdition()
16.03.2021  02:06:41 [main] INFO  by.belstu.kryukova.store.Seller_class  - class Seller method sellPrintEdition()
16.03.2021  02:06:41 [main] INFO  by.belstu.kryukova.store.Seller_class  - class Seller method sellPrintEdition()
16.03.2021  02:06:41 [main] INFO  by.belstu.kryukova.store.Seller_class  - class Seller method addPrintEdition()
16.03.2021  02:06:41 [main] INFO  by.belstu.kryukova.store.Seller_class  - class Seller method addPrintEdition()
16.03.2021  02:06:41 [main] INFO  by.belstu.kryukova.store.Seller_class  - class Seller method addPrintEdition()
16.03.2021  02:06:41 [main] INFO  by.belstu.kryukova.store.Seller_class  - class Seller method searchPrintEdition()
16.03.2021  02:38:49 [main] INFO  by.belstu.kryukova.Main  - Starting program________________
16.03.2021  02:39:41 [main] INFO  by.belstu.kryukova.Main  - Starting program________________
16.03.2021  02:39:41 [main] INFO  by.belstu.kryukova.printEditions.Book  - class Book method info()
16.03.2021  02:39:41 [main] INFO  by.belstu.kryukova.printEditions.Book  - class Book method info()
16.03.2021  02:42:04 [main] INFO  by.belstu.kryukova.Main  - Starting program________________
16.03.2021  02:42:04 [main] INFO  by.belstu.kryukova.printEditions.Book  - class Book method info()
16.03.2021  02:42:04 [main] INFO  by.belstu.kryukova.printEditions.Book  - class Book method info()
16.03.2021  02:44:13 [main] INFO  by.belstu.kryukova.Main  - Starting program________________
16.03.2021  02:44:13 [main] INFO  by.belstu.kryukova.printEditions.Book  - class Book method info()
16.03.2021  02:44:13 [main] INFO  by.belstu.kryukova.printEditions.Book  - class Book method info()
16.03.2021  02:45:20 [main] INFO  by.belstu.kryukova.Main  - Starting program________________
16.03.2021  02:45:20 [main] INFO  by.belstu.kryukova.printEditions.Book  - class Book method info()
16.03.2021  02:45:20 [main] INFO  by.belstu.kryukova.printEditions.Book  - class Book method info()
16.03.2021  02:46:29 [main] INFO  by.belstu.kryukova.Main  - Starting program________________
16.03.2021  02:46:29 [main] INFO  by.belstu.kryukova.printEditions.Book  - class Book method info()
16.03.2021  02:46:29 [main] INFO  by.belstu.kryukova.printEditions.Book  - class Book method info()
16.03.2021  02:50:35 [main] INFO  by.belstu.kryukova.Main  - Starting program________________
16.03.2021  02:50:35 [main] INFO  by.belstu.kryukova.printEditions.Book  - class Book method info()
16.03.2021  02:50:35 [main] INFO  by.belstu.kryukova.printEditions.Book  - class Book method info()
16.03.2021  02:50:35 [main] INFO  by.belstu.kryukova.printEditions.Book  - class Book method info()
16.03.2021  02:52:47 [main] INFO  by.belstu.kryukova.Main  - Starting program________________
16.03.2021  02:52:47 [main] INFO  by.belstu.kryukova.printEditions.Book  - class Book method info()
16.03.2021  02:52:47 [main] INFO  by.belstu.kryukova.printEditions.Book  - class Book method info()
16.03.2021  02:52:47 [main] INFO  by.belstu.kryukova.printEditions.Book  - class Book method info()
16.03.2021  02:53:44 [main] INFO  by.belstu.kryukova.Main  - Starting program________________
16.03.2021  02:53:44 [main] INFO  by.belstu.kryukova.printEditions.Book  - class Book method info()
16.03.2021  02:53:44 [main] INFO  by.belstu.kryukova.printEditions.Book  - class Book method info()
16.03.2021  02:53:44 [main] INFO  by.belstu.kryukova.printEditions.Book  - class Book method info()
16.03.2021  02:54:01 [main] INFO  by.belstu.kryukova.Main  - Starting program________________
16.03.2021  02:54:01 [main] INFO  by.belstu.kryukova.printEditions.Book  - class Book method info()
16.03.2021  02:54:01 [main] INFO  by.belstu.kryukova.printEditions.Book  - class Book method info()
16.03.2021  02:54:01 [main] INFO  by.belstu.kryukova.printEditions.Book  - class Book method info()
16.03.2021  02:55:12 [main] INFO  by.belstu.kryukova.Main  - Starting program________________
16.03.2021  02:55:12 [main] INFO  by.belstu.kryukova.printEditions.Book  - class Book method info()
16.03.2021  02:55:12 [main] INFO  by.belstu.kryukova.printEditions.Book  - class Book method info()
16.03.2021  02:55:12 [main] INFO  by.belstu.kryukova.printEditions.Book  - class Book method info()
16.03.2021  02:56:18 [main] INFO  by.belstu.kryukova.Main  - Starting program________________
16.03.2021  02:56:18 [main] INFO  by.belstu.kryukova.printEditions.Book  - class Book method info()
16.03.2021  02:56:18 [main] INFO  by.belstu.kryukova.printEditions.Book  - class Book method info()
16.03.2021  02:56:18 [main] INFO  by.belstu.kryukova.printEditions.Book  - class Book method info()
16.03.2021  02:56:53 [main] INFO  by.belstu.kryukova.Main  - Starting program________________
16.03.2021  02:56:53 [main] INFO  by.belstu.kryukova.printEditions.Book  - class Book method info()
16.03.2021  02:56:53 [main] INFO  by.belstu.kryukova.printEditions.Book  - class Book method info()
16.03.2021  02:56:53 [main] INFO  by.belstu.kryukova.printEditions.Book  - class Book method info()
16.03.2021  03:02:14 [main] INFO  by.belstu.kryukova.Main  - Starting program________________
16.03.2021  03:02:14 [main] INFO  by.belstu.kryukova.printEditions.Book  - class Book method info()
16.03.2021  03:02:14 [main] INFO  by.belstu.kryukova.printEditions.Book  - class Book method info()
16.03.2021  03:02:14 [main] INFO  by.belstu.kryukova.printEditions.Book  - class Book method info()
16.03.2021  03:05:28 [main] INFO  by.belstu.kryukova.Main  - Starting program________________
16.03.2021  03:05:28 [main] INFO  by.belstu.kryukova.printEditions.Book  - class Book method info()
16.03.2021  03:05:28 [main] INFO  by.belstu.kryukova.printEditions.Book  - class Book method info()
16.03.2021  03:05:28 [main] INFO  by.belstu.kryukova.printEditions.Book  - class Book method info()
16.03.2021  03:09:10 [main] INFO  by.belstu.kryukova.Main  - Starting program________________
16.03.2021  03:09:10 [main] INFO  by.belstu.kryukova.printEditions.Book  - class Book method info()
16.03.2021  03:09:10 [main] INFO  by.belstu.kryukova.printEditions.Book  - class Book method info()
16.03.2021  03:09:10 [main] INFO  by.belstu.kryukova.printEditions.Book  - class Book method info()
16.03.2021  03:09:10 [main] INFO  by.belstu.kryukova.store.BookStore  - class BookStore method totalPrintEdsCost()
