01.06.2021  11:35:55 [main] INFO  by.belstu.kryukova.DBHelp  - getting connection
01.06.2021  11:36:14 [main] INFO  by.belstu.kryukova.Main  - ------------------Starting program------------------
01.06.2021  11:36:14 [main] INFO  by.belstu.kryukova.DBHelp  - getting connection
01.06.2021  11:36:37 [main] INFO  by.belstu.kryukova.Main  - ------------------Starting program------------------
01.06.2021  11:36:37 [main] INFO  by.belstu.kryukova.DBHelp  - getting connection
01.06.2021  11:40:01 [main] INFO  by.belstu.kryukova.Main  - ------------------Starting program------------------
01.06.2021  11:40:01 [main] INFO  by.belstu.kryukova.DBHelp  - getting connection
01.06.2021  11:40:14 [main] INFO  by.belstu.kryukova.Main  - ------------------Starting program------------------
01.06.2021  11:40:14 [main] INFO  by.belstu.kryukova.DBHelp  - getting connection
01.06.2021  11:41:29 [main] INFO  by.belstu.kryukova.Main  - ------------------Starting program------------------
01.06.2021  11:41:29 [main] INFO  by.belstu.kryukova.DBHelp  - getting connection
01.06.2021  11:43:19 [main] INFO  by.belstu.kryukova.Main  - ------------------Starting program------------------
01.06.2021  11:43:19 [main] INFO  by.belstu.kryukova.DBHelp  - getting connection
01.06.2021  12:00:33 [main] INFO  by.belstu.kryukova.Main  - ------------------Starting program------------------
01.06.2021  12:00:33 [main] INFO  by.belstu.kryukova.DBHelp  - getting connection
01.06.2021  12:00:34 [main] INFO  by.belstu.kryukova.DBHelp  - connection established
01.06.2021  12:00:34 [main] INFO  by.belstu.kryukova.DBHelp  - getting statement
01.06.2021  12:00:34 [main] INFO  by.belstu.kryukova.DBHelp  - statement received
01.06.2021  12:00:34 [main] INFO  by.belstu.kryukova.DBHelp  - -------------------1_LAST_AND_CURRENT_YEAR_BOOKS-------------------
01.06.2021  12:00:34 [main] INFO  by.belstu.kryukova.DBHelp  - db select request
01.06.2021  12:00:34 [main] INFO  by.belstu.kryukova.DBHelp  - SELECTED BOOKS
01.06.2021  12:00:34 [main] INFO  by.belstu.kryukova.DBHelp  - 1984 - Дж. Оруэлл - 2021 - Азбука-классика
01.06.2021  12:00:34 [main] INFO  by.belstu.kryukova.DBHelp  - Скотный двор - Дж. Оруэлл - 2020 - Азбука-классика
01.06.2021  12:00:34 [main] INFO  by.belstu.kryukova.DBHelp  - Старик и море - Э. Хемингуэй - 2021 - Эксмо
01.06.2021  12:00:34 [main] INFO  by.belstu.kryukova.DBHelp  - Триумфальная арка - Эрих Мария Ремарк - 2020 - АСТ
01.06.2021  12:00:34 [main] INFO  by.belstu.kryukova.DBHelp  - END LIST
01.06.2021  12:00:34 [main] INFO  by.belstu.kryukova.DBHelp  - closing statment
01.06.2021  12:00:34 [main] INFO  by.belstu.kryukova.DBHelp  - statment closed
01.06.2021  12:00:34 [main] INFO  by.belstu.kryukova.DBHelp  - getting statement
01.06.2021  12:00:34 [main] INFO  by.belstu.kryukova.DBHelp  - statement received
01.06.2021  12:00:34 [main] INFO  by.belstu.kryukova.DBHelp  - -------------------2_AUTHORS_INFO-------------------
01.06.2021  12:00:34 [main] INFO  by.belstu.kryukova.DBHelp  - db select request
01.06.2021  12:00:34 [main] INFO  by.belstu.kryukova.DBHelp  - SELECTED AUTHORS
01.06.2021  12:00:34 [main] INFO  by.belstu.kryukova.DBHelp  - А.С. Пушкин - Российская империя
01.06.2021  12:00:34 [main] INFO  by.belstu.kryukova.DBHelp  - Дж. Оруэлл - Великобритания
01.06.2021  12:00:34 [main] INFO  by.belstu.kryukova.DBHelp  - У. Шекспир - Королевство Англия
01.06.2021  12:00:34 [main] INFO  by.belstu.kryukova.DBHelp  - Э. Хемингуэй - США
01.06.2021  12:00:34 [main] INFO  by.belstu.kryukova.DBHelp  - Эрих Мария Ремарк - Германия
01.06.2021  12:00:34 [main] INFO  by.belstu.kryukova.DBHelp  - END LIST
01.06.2021  12:00:34 [main] INFO  by.belstu.kryukova.DBHelp  - closing statment
01.06.2021  12:00:34 [main] INFO  by.belstu.kryukova.DBHelp  - statment closed
01.06.2021  12:00:34 [main] INFO  by.belstu.kryukova.DBHelp  - getting statement
01.06.2021  12:00:34 [main] INFO  by.belstu.kryukova.DBHelp  - statement received
01.06.2021  12:00:34 [main] INFO  by.belstu.kryukova.DBHelp  - -------------------3_AUTHORS_WROTE_?_BOOKS-------------------
01.06.2021  12:00:34 [main] INFO  by.belstu.kryukova.DBHelp  - db select request
01.06.2021  12:00:34 [main] INFO  by.belstu.kryukova.DBHelp  - SELECTED AUTHORS
01.06.2021  12:00:34 [main] INFO  by.belstu.kryukova.DBHelp  - Дж. Оруэлл - Великобритания
01.06.2021  12:00:34 [main] INFO  by.belstu.kryukova.DBHelp  - У. Шекспир - Королевство Англия
01.06.2021  12:00:34 [main] INFO  by.belstu.kryukova.DBHelp  - END LIST
01.06.2021  12:00:34 [main] INFO  by.belstu.kryukova.DBHelp  - closing statment
01.06.2021  12:00:34 [main] INFO  by.belstu.kryukova.DBHelp  - statment closed
01.06.2021  12:00:34 [main] INFO  by.belstu.kryukova.DBHelp  - getting statement
01.06.2021  12:00:34 [main] INFO  by.belstu.kryukova.DBHelp  - statement received
01.06.2021  12:00:34 [main] INFO  by.belstu.kryukova.DBHelp  - -------------------4_DELETE_BOOKS_OLDER_THEN_?_YEAR-------------------
01.06.2021  12:00:34 [main] INFO  by.belstu.kryukova.DBHelp  - BOOKS DELETED
01.06.2021  12:00:34 [main] INFO  by.belstu.kryukova.DBHelp  - closing statment
01.06.2021  12:00:34 [main] INFO  by.belstu.kryukova.DBHelp  - statment closed
01.06.2021  12:00:34 [main] INFO  by.belstu.kryukova.DBHelp  - closing connection
01.06.2021  12:00:34 [main] INFO  by.belstu.kryukova.DBHelp  - connection closed
01.06.2021  12:00:34 [main] INFO  by.belstu.kryukova.DBHelp  - getting connection
01.06.2021  12:00:34 [main] INFO  by.belstu.kryukova.DBHelp  - connection established
01.06.2021  12:00:34 [main] INFO  by.belstu.kryukova.DBHelp  - getting prepared statement
01.06.2021  12:00:34 [main] INFO  by.belstu.kryukova.DBHelp  - prepared statement received
01.06.2021  12:00:34 [main] INFO  by.belstu.kryukova.DBHelp  - ---------------INSERT_DELETED_BOOKS---------------
01.06.2021  12:00:34 [main] INFO  by.belstu.kryukova.DBHelp  - BOOK INSERTED
01.06.2021  12:00:34 [main] INFO  by.belstu.kryukova.DBHelp  - BOOK INSERTED
01.06.2021  12:00:34 [main] INFO  by.belstu.kryukova.DBHelp  - BOOK INSERTED
01.06.2021  12:00:34 [main] INFO  by.belstu.kryukova.DBHelp  - BOOK INSERTED
01.06.2021  12:00:34 [main] INFO  by.belstu.kryukova.DBHelp  - closing prepared statment
01.06.2021  12:00:34 [main] INFO  by.belstu.kryukova.DBHelp  - prepared statment closed
01.06.2021  12:00:34 [main] INFO  by.belstu.kryukova.DBHelp  - closing connection
01.06.2021  12:00:34 [main] INFO  by.belstu.kryukova.DBHelp  - connection closed
